This is pdfTeX, Version 3.141592653-2.6-1.40.25 (TeX Live 2023) (preloaded format=pdflatex 2024.2.16)  30 MAY 2024 13:14
entering extended mode
 restricted \write18 enabled.
 file:line:error style messages enabled.
 %&-line parsing enabled.
**neurips_2023.sty
(./neurips_2023.sty
LaTeX2e <2022-11-01> patch level 1
L3 programming layer <2023-02-22>

LaTeX Warning: You have requested package `',
               but the package provides `neurips_2023'.

Package: neurips_2023 2023/03/31 NeurIPS 2023 submission/camera-ready style fil
e

./neurips_2023.sty:24: LaTeX Error: Missing \begin{document}.

See the LaTeX manual or LaTeX Companion for explanation.
Type  H <return>  for immediate help.
 ...                                              
                                                  
l.24 \newif\if@
               neuripsfinal\@neuripsfinalfalse
? 
./neurips_2023.sty:24: Emergency stop.
 ...                                              
                                                  
l.24 \newif\if@
               neuripsfinal\@neuripsfinalfalse
You're in trouble here.  Try typing  <return>  to proceed.
If that doesn't work, type  X <return>  to quit.

 
Here is how much of TeX's memory you used:
 22 strings out of 476025
 558 string characters out of 5790017
 1849388 words of memory out of 5000000
 20573 multiletter control sequences out of 15000+600000
 512287 words of font info for 32 fonts, out of 8000000 for 9000
 1141 hyphenation exceptions out of 8191
 13i,0n,12p,115b,14s stack positions out of 10000i,1000n,20000p,200000b,200000s
./neurips_2023.sty:24:  ==> Fatal error occurred, no output PDF file produced!
